2014-01-19/image-0000.jpg http://2.bp.blogspot.com/-bULfJlBhTNE/UtxB_YXWO1I/AAAAAAAAUqM/3PI568qaGvE/s1600/DragonTail-Bot.jpg
2014-01-19/image-0001.jpg http://1.bp.blogspot.com/-rgTTfKIKpNA/UtwmugtwXoI/AAAAAAAAUo8/zW_u_BHUZBk/s1600/Breakout.jpg
2014-05-06/image-0000.jpg http://4.bp.blogspot.com/-_hO2wnGQUfs/U2nKH-_AwrI/AAAAAAAAVg0/YfVqQz0taSU/s1600/Boot-Switch-800.jpg
2014-06-15/image-0000.jpg http://2.bp.blogspot.com/-PrM0go3ej60/U53OTjthA7I/AAAAAAAAWGI/YkZX54qGqPU/s1600/IMG_20140603_185521.jpg
2014-06-15/image-0001.jpg http://3.bp.blogspot.com/-YhwgJoQiLeM/U53OTkQztuI/AAAAAAAAWGA/i7WAOzNEpA4/s1600/IMG_20140603_190014.jpg
2014-06-15/image-0002.jpg http://3.bp.blogspot.com/-WofUdjmXca4/U53OTqNxNVI/AAAAAAAAWGA/ig3DauKguCI/s1600/IMG_20140603_185459.jpg
2014-06-15/image-0003.jpg http://2.bp.blogspot.com/-SOah3PlJgKY/U53OTiV0iRI/AAAAAAAAWGA/SDcctElG55c/s1600/IMG_20140603_185507.jpg
2014-06-15/image-0004.jpg http://4.bp.blogspot.com/-fmnJJXwVwDU/U53OTvORZMI/AAAAAAAAWGA/RzMr5NxzB6o/s1600/IMG_20140603_185724.jpg
2014-06-15/image-0005.jpg http://3.bp.blogspot.com/-CfrsbIUqzXI/U53OTvbXxII/AAAAAAAAWGA/bHgdgPcY7j4/s1600/IMG_20140603_190221.jpg
2014-09-20/image-0000.jpg http://1.bp.blogspot.com/-ubXx80_E-uw/VB2uE7C3YFI/AAAAAAAAYk4/1T51Ao3hQAM/s1600/Argentum.jpg
2014-09-20/image-0001.jpg http://1.bp.blogspot.com/-Xy8II6hulcI/VB2uYDgncoI/AAAAAAAAYlA/7pHW2XyQjf0/s1600/First-Print.jpg
2014-09-20/image-0002.jpg http://2.bp.blogspot.com/-BjOAVIadJqE/VB2vrtcA63I/AAAAAAAAYlM/qVAEoJO_bIk/s1600/First-Good-Layer.jpg
2014-09-20/image-0003.jpg http://4.bp.blogspot.com/-Jx0gIwCZlys/VB2yrFAZvmI/AAAAAAAAYl0/vjR2AQu29GE/s1600/Print-of-First-Circuit.jpg
2014-09-20/image-0004.jpg http://4.bp.blogspot.com/-1h1NIjH1DLM/VB2yq0ZaOZI/AAAAAAAAYlw/9pDmofKO8KY/s1600/Print-of-First-Circuit-Closeup.jpg
2014-09-20/image-0005.jpg http://4.bp.blogspot.com/-HiQrvQz2vWw/VB2wOh0gsoI/AAAAAAAAYlU/GXND_tj2hC0/s1600/First-Circuit.jpg
2014-09-20/image-0006.jpg http://2.bp.blogspot.com/-NB58lPTf3BY/VB2yBe3gWmI/AAAAAAAAYlg/vZ3SaxD3pZc/s1600/First-Circuit-Working.jpg
2014-09-20/image-0007.jpg http://4.bp.blogspot.com/-0c7cbmMq_SA/VB2yt9GQmVI/AAAAAAAAYl4/FWVjz9q0NCQ/s1600/Finished.jpg
2014-09-20/image-0100.jpg http://3.bp.blogspot.com/-ZivadLPvG0s/VB23Z8imghI/AAAAAAAAYmE/zoCtC74H7j4/s1600/Stepper-Connector-Before.jpg
2014-09-20/image-0101.jpg http://1.bp.blogspot.com/-xjmoTWvRFeE/VB235vzoeOI/AAAAAAAAYmM/e93oarF7HB4/s1600/Stepper-Connector-Crimp.jpg
2014-09-20/image-0102.jpg http://2.bp.blogspot.com/-ZeZQkHwbv3A/VB24it6-kzI/AAAAAAAAYmg/njowRfcHQFg/s1600/Stepper-Connector-After.jpg
2014-09-23/image-0000.jpg http://4.bp.blogspot.com/-RgT4sKQhS9o/VCEkHmGnOmI/AAAAAAAAYn4/ZT5lJRzwrLM/s1600/Assembled.jpg
2014-09-23/image-0100.png http://3.bp.blogspot.com/-k0Awm-vVdPk/VCJXz78SgPI/AAAAAAAAYpE/E8T2kAkJ0dQ/s1600/Lidar-Controller.png
2014-09-23/image-0101.png http://3.bp.blogspot.com/-LGSq-VUlg-c/VCJYTRoGy6I/AAAAAAAAYpM/YeIwqyAC3Ms/s1600/Screenshot.png
2014-09-24/image-0000.jpg http://3.bp.blogspot.com/-p4lcXLGzH9Q/VCN9cxaAtbI/AAAAAAAAYq4/DkjHoOPXigs/s1600/01-Finished.jpg
2014-09-24/image-0001.jpg http://1.bp.blogspot.com/-2AperYiDfcw/VCN9eUIkGGI/AAAAAAAAYrA/UKecQJ3bI0I/s1600/02-Finished.jpg
2014-09-24/image-0002.jpg http://1.bp.blogspot.com/-lcvVaMQmBXk/VCN9f9K8mYI/AAAAAAAAYrI/t9oyMqk8-4U/s1600/03-Threads.jpg
2014-09-24/image-0003.jpg http://4.bp.blogspot.com/-hSx7wC1ZZ1I/VCN9gQjQM0I/AAAAAAAAYrM/oYpX_l31hvM/s1600/04-Scale.jpg
2014-09-24/image-0004.jpg http://1.bp.blogspot.com/-HuTV1v9jua0/VCN9gz-LToI/AAAAAAAAYrQ/-MkYQOwOc_E/s1600/05-Closeup.jpg
2014-09-30/image-0000.jpg http://3.bp.blogspot.com/-K6F3enVuzdQ/VCtn28tRXDI/AAAAAAAAZCg/mhsMXajk1Ds/s1600/4up.jpg
2014-09-30/image-0001.jpg http://3.bp.blogspot.com/-kUcC9PIsU44/VCtn2Oib5SI/AAAAAAAAZCY/wUvE6oQqKok/s1600/Screwed-On.jpg
2014-09-30/image-0002.jpg http://3.bp.blogspot.com/-wXnd3VYvRj8/VCtn2SJ7PVI/AAAAAAAAZCc/LNgNyCM4b_g/s1600/Installed.jpg
2014-10-09/image-0000.jpg http://1.bp.blogspot.com/-xGA3aLMUkFI/VDcpgLIiLSI/AAAAAAAAZZk/NUJzuEQW5o4/s1600/01-Ducted-Fan.jpg
2014-10-09/image-0001.jpg http://3.bp.blogspot.com/-A1DadgfJj_w/VDcpgGblB7I/AAAAAAAAZZg/OWFFL0NcETw/s1600/02-Duct..jpg
2014-10-09/image-0002.jpg http://4.bp.blogspot.com/-6V_2Zcy-qlg/VDcphRyy8gI/AAAAAAAAZZ0/tsVyzHUrbB0/s1600/03-Spade-Drill.jpg
2014-10-09/image-0003.jpg http://3.bp.blogspot.com/-AtTDANxrC7c/VDcpha0Yg4I/AAAAAAAAZZ4/k5quo2suRho/s1600/04-Comparison.jpg
2014-10-09/image-0004.jpg http://4.bp.blogspot.com/-sWQnbM5kLiw/VDcph-jQXrI/AAAAAAAAZaA/Q9mKDDWJP9c/s1600/05-Clearance.jpg
2014-10-09/image-0005.jpg http://3.bp.blogspot.com/-Pgn3Lt550AA/VDcpiLQLf4I/AAAAAAAAZaE/yPs745bJkMs/s1600/06-Mounted.jpg
2014-10-15/image-0000.jpg http://2.bp.blogspot.com/-GV6-2xcqnHU/VD9IUq5-TYI/AAAAAAAAZio/i7hqjFRKKb8/s1600/IMG_20141015_210808.jpg
2014-10-15/image-0001.jpg http://2.bp.blogspot.com/-jOzhs80bsPE/VD9UcW5_PoI/AAAAAAAAZjY/lkT_1mLOBPw/s1600/openmv-back.jpg
2014-10-15/image-0002.jpeg http://4.bp.blogspot.com/-9wrfrtDzVvI/VD9IOFFc_VI/AAAAAAAAZig/VR7FbMdMs3s/s1600/test.jpeg
2014-10-19/image-0000.jpg http://2.bp.blogspot.com/-ckuJ0HhyJqo/VEQbm1PFWJI/AAAAAAAAZuo/_tX5M8E5Bng/s1600/IMG_20141019_130200.jpg
2014-10-19/image-0001.jpg http://4.bp.blogspot.com/-9zyRmi9vqeU/VEQc3a_FxII/AAAAAAAAZu0/y7fD5G3jABk/s1600/IMG_20141019_130327.jpg
2014-10-19/image-0002.jpg http://3.bp.blogspot.com/-_X9KhQ5ELIM/VEQc7lvE6II/AAAAAAAAZu8/BdwlMdahj-A/s1600/IMG_20141019_130358.jpg
2014-10-19/image-0003.jpg http://2.bp.blogspot.com/-mUt62S75zSE/VEQc-8CWBhI/AAAAAAAAZvE/wT1xVxZnbv8/s1600/IMG_20141019_130435.jpg
2014-10-19/image-0004.jpg http://2.bp.blogspot.com/-lfkDdd_kuPQ/VEQdCnSkeTI/AAAAAAAAZvM/Lqchl29tj20/s1600/IMG_20141019_130512.jpg
2014-10-25/image-0000.jpg http://3.bp.blogspot.com/-hKjgwCTDmeY/VEtTetj4vQI/AAAAAAAAZ1Y/Dbj8cWhDGYE/s1600/Bearings.jpg
2014-10-25/image-0001.jpg http://4.bp.blogspot.com/-0eq6N5saHb8/VEtTe6lQgpI/AAAAAAAAZ1c/6OQJ7UV1q4I/s1600/Assembled.jpg
2014-10-25/image-0002.jpg http://3.bp.blogspot.com/-SNyamUNnmiY/VEtWOqfHoNI/AAAAAAAAZ2o/QWQM2iNp2SY/s1600/With-Spool.jpg
2014-11-12/image-0000.jpg https://4.bp.blogspot.com/-BGdROVqKNAI/VGQGB3rXQqI/AAAAAAAAad8/Xck0qAKAn2w/s320/IMG_20141112_171245%7E2.jpg
2014-11-12/image-0001.jpg https://4.bp.blogspot.com/-K5ZJycuhppY/VGQGB9LUVJI/AAAAAAAAad8/iQSrsEX6PZA/s320/IMG_20141112_170922%7E2.jpg
2014-11-12/image-0002.jpg https://1.bp.blogspot.com/-y2wgpJJEegg/VGQDqqGEscI/AAAAAAAAab8/9GEAggU5sCk/s640/Bridging-Back.jpg
2014-11-12/image-0003.jpg https://2.bp.blogspot.com/-kdrdHgr9GEE/VGQDuFXVuII/AAAAAAAAacE/-iWqJDsCiek/s640/Bridging-Bottom.jpg
2014-11-12/image-0004.jpg https://2.bp.blogspot.com/-aEbfIB0ZBdM/VGQHXWsHHZI/AAAAAAAAaeQ/elbiQWkuKFY/s400/IMG_20141111_102051.jpg
2014-11-12/image-0005.jpg https://2.bp.blogspot.com/-YbATUtGHYuk/VGQHXeuIhtI/AAAAAAAAaeM/U9RrKPTmU4U/s400/IMG_20141111_102030.jpg
2014-11-12/image-0006.jpg https://4.bp.blogspot.com/-Q5M0_NCFG2I/VGP6rWvzuUI/AAAAAAAAabc/3boVljwwXL8/s640/IMG_20141112_160644.jpg
2014-11-12/image-0007.jpg https://1.bp.blogspot.com/-6nTy_FQ3168/VGQJEoBrvwI/AAAAAAAAaeY/fuxvi5Gt34k/s640/IMG_20141111_111727.jpg
2014-11-12/image-0008.jpg https://2.bp.blogspot.com/-IPDqGo5iB84/VGQKNUChgqI/AAAAAAAAafQ/mecbbKQDnWg/s320/IMG_20141112_173100%7E2.jpg
2014-11-12/image-0009.jpg https://4.bp.blogspot.com/-kQVjDnWjGdA/VGQLA6qZ0lI/AAAAAAAAafc/8f7aNSssC2Y/s400/IMG_20141111_144658.jpg
2014-11-12/image-0010.jpg https://2.bp.blogspot.com/-p-KNoj_PudU/VGQLAw1F5iI/AAAAAAAAafc/VeEJ2zUYd8Q/s400/IMG_20141111_144708.jpg
2014-11-12/image-0011.jpg https://4.bp.blogspot.com/-NoJH58hZtfQ/VGQLu8fJrUI/AAAAAAAAafo/tBO6vmFUWeQ/s640/IMG_20141111_150241.jpg
2014-11-12/image-0012.jpg https://3.bp.blogspot.com/-3MCU8-eDZKk/VGQRWRhTksI/AAAAAAAAahA/sTcenONAb3Q/s320/IMG_20141112_142644%7E2.jpg
2014-11-12/image-0013.jpg https://3.bp.blogspot.com/-apXg6rCrXpE/VGQQxbh1R0I/AAAAAAAAagk/Mj9245pAmpU/s320/IMG_20141112_144614%7E2.jpg
2014-11-16/image-0000.jpg http://2.bp.blogspot.com/-E7YVHiXMJgM/VGjzyZBFecI/AAAAAAAAar8/nbMiu1Mks_M/s1600/Z-Interference.jpg
2014-11-16/image-0001.jpg http://2.bp.blogspot.com/-U4XhrepaITs/VGj1hsPwYYI/AAAAAAAAasI/5FzIFtSFSQc/s1600/IMG_20141115_200806.jpg
2014-11-16/image-0002.jpg http://3.bp.blogspot.com/-KvZRmsmKL2Y/VGj1ianVmsI/AAAAAAAAasQ/nC48E__gsdw/s1600/IMG_20141115_200830.jpg
2014-11-16/image-0003.jpg http://2.bp.blogspot.com/-QjGMx7ItuLU/VGj1j3SVKrI/AAAAAAAAask/ixPjs5UlGtY/s1600/IMG_20141115_201626.jpg
2014-11-18/image-0000.jpg http://4.bp.blogspot.com/-T0bmMcC1Jf4/VGw35PsHefI/AAAAAAAAa0E/RpcIWknw21Y/s1600/IMG_20141118_220552.jpg
2014-11-18/image-0001.jpg http://4.bp.blogspot.com/-sPTuNbkHQJ4/VGw4PBRl2zI/AAAAAAAAa0M/vOvAteecsnU/s1600/IMG_20141118_220748.jpg
2014-11-18/image-0002.jpg http://3.bp.blogspot.com/-rW_hJf2vbuU/VGw4sSEKtGI/AAAAAAAAa0U/7xbripUx8yU/s1600/IMG_20141118_220807.jpg
2014-11-18/image-0003.jpg http://3.bp.blogspot.com/-sPkiai5SMvw/VGw42xlexgI/AAAAAAAAa0c/CVzZ7zucELY/s1600/IMG_20141118_220604.jpg
2014-11-18/image-0004.jpg http://4.bp.blogspot.com/-bkJQQi2MIsE/VGw5Lk4dYlI/AAAAAAAAa0o/FdBU3NXKT8Q/s1600/IMG_20141118_220300.jpg
2014-11-18/image-0005.jpg http://1.bp.blogspot.com/-CzYvF3brvJA/VGw7VYNi_4I/AAAAAAAAa1Q/bJhKk59d8As/s1600/IMG_20141110_235949.jpg
2014-11-18/image-0006.jpg http://1.bp.blogspot.com/-JVcN1kl9qp4/VGw5YPGVUOI/AAAAAAAAa0w/CRj7wTwtEWc/s1600/IMG_20141118_220433.jpg
2014-11-18/image-0007.jpg http://2.bp.blogspot.com/-E8XBcw3sZW8/VGw5YM1EviI/AAAAAAAAa0w/rXY_S0I4BSw/s1600/IMG_20141118_220339.jpg
2014-11-18/image-0008.jpg http://3.bp.blogspot.com/-UBJQ4WMxBaI/VGw57OUkGeI/AAAAAAAAa1A/ggvjxBWQQPY/s1600/IMG_20141118_220844.jpg
2014-12-16/image-0000.jpg http://4.bp.blogspot.com/-BeZqA5af0iI/VJEtiae5_MI/AAAAAAAAbis/hD8mXBPFHfg/s1600/IMG_20141129_180108.jpg
2014-12-16/image-0001.jpg http://2.bp.blogspot.com/-mb9nVigoB34/VJEtiWEnGOI/AAAAAAAAbis/GAEwW8gh7t8/s1600/IMG_20141212_155432.jpg
2014-12-16/image-0002.jpg http://3.bp.blogspot.com/-idHMOb40aAI/VJEtiVwPQAI/AAAAAAAAbis/4Bjf-Xhb5O4/s1600/IMG_20141212_165613.jpg
2014-12-16/image-0003.jpg http://4.bp.blogspot.com/-304Mvsa8rt8/VJEtiVaei6I/AAAAAAAAbis/httIE-9lst0/s1600/IMG_20141212_170422.jpg
2014-12-16/image-0004.jpg http://3.bp.blogspot.com/-wR9L_A_BbdI/VJEtiQ0_aZI/AAAAAAAAbis/NtN6U4dDOec/s1600/IMG_20141212_170511.jpg
2014-12-16/image-0005.jpg http://1.bp.blogspot.com/-pAou3r1jPoE/VJEtiWJaKZI/AAAAAAAAbis/Q_pZrINhhes/s1600/IMG_20141216_105215.jpg
2014-12-16/image-0100.jpg http://4.bp.blogspot.com/-Lg5Yal88dAw/VJEmH8ont6I/AAAAAAAAbic/q0jnw6sHJUM/s1600/IMG_20141128_150144.jpg
2014-12-16/image-0101.jpg http://4.bp.blogspot.com/-uUJQEGrB0sI/VJEmHwAmSRI/AAAAAAAAbic/OoX7Qesdd5M/s1600/IMG_20141128_150311.jpg
2014-12-16/image-0102.jpg http://4.bp.blogspot.com/-OjKg8GX9SUc/VJEmH8ffzAI/AAAAAAAAbic/3xIUmVSRPYY/s1600/IMG_20141128_151325.jpg
2014-12-16/image-0103.jpg http://1.bp.blogspot.com/-Ob8HuR7BE60/VJEmH6-TDJI/AAAAAAAAbic/_TBandOmXSI/s1600/IMG_20141128_152036.jpg
2014-12-16/image-0104.jpg http://2.bp.blogspot.com/-VHCKD1yTGfE/VJEmH3ZoH_I/AAAAAAAAbic/9yZiF0ngmFk/s1600/IMG_20141128_152316%7E2.jpg
2014-12-16/image-0105.jpg http://1.bp.blogspot.com/-7nCtg2erLTY/VJEmH8IqR6I/AAAAAAAAbic/ma_P9mL7Qr8/s1600/IMG_20141128_152750%7E2.jpg
2014-12-16/image-0106.jpg http://1.bp.blogspot.com/-ct2ekv4udBk/VJEmH3pGweI/AAAAAAAAbic/km7BjqkM-dM/s1600/IMG_20141128_153232.jpg
2014-12-16/image-0107.jpg http://3.bp.blogspot.com/-dhtu4tIyMDA/VJEmHwH0MXI/AAAAAAAAbic/PuZlHzzfpcs/s1600/IMG_20141128_153650%7E2.jpg
2014-12-16/image-0108.jpg http://4.bp.blogspot.com/-fJiVZwH2WR8/VJEmH49cxXI/AAAAAAAAbic/EjLjWakicxE/s1600/IMG_20141128_153810.jpg
2014-12-16/image-0109.jpg http://2.bp.blogspot.com/-NgWvx_R24u0/VJEmHwQxEfI/AAAAAAAAbic/uUi7J5zzO1U/s1600/IMG_20141128_153906.jpg
2014-12-16/image-0110.jpg http://3.bp.blogspot.com/-5-bvcE5FwGs/VJEmH5CaSUI/AAAAAAAAbic/6RHbjaonDjk/s1600/IMG_20141128_154030.jpg
2014-12-16/image-0111.jpg http://2.bp.blogspot.com/-NLvNquLOiBc/VJEmHx2WyRI/AAAAAAAAbic/JQbgsENaJ8k/s1600/IMG_20141128_154412.jpg
2014-12-16/image-0112.jpg http://4.bp.blogspot.com/-wgL9mOsqyZ4/VJEmH7fwzvI/AAAAAAAAbic/9QtZOLOKk5s/s1600/IMG_20141128_154550.jpg
2014-12-16/image-0113.jpg http://2.bp.blogspot.com/-wIVtsUakpgE/VJEmH5wsJTI/AAAAAAAAbic/NHbABhxKa8w/s1600/IMG_20141128_154940.jpg
2014-12-16/image-0114.jpg http://3.bp.blogspot.com/-L-qDWDwVspE/VJEmH3AvLcI/AAAAAAAAbic/cnBZ8Xs6Np4/s1600/IMG_20141128_155131%7E2.jpg
2014-12-16/image-0115.jpg http://1.bp.blogspot.com/-Aw7UbMQjEFM/VJEmH2GqK1I/AAAAAAAAbic/vPmbreVxuVc/s1600/IMG_20141128_155306%7E2.jpg
2014-12-16/image-0116.jpg http://2.bp.blogspot.com/-7H6soz8Bz8U/VJEmH5_cfYI/AAAAAAAAbic/s8KLbh9TDM0/s1600/IMG_20141128_155334%7E2.jpg
2014-12-16/image-0117.jpg http://2.bp.blogspot.com/-09HZiF7KMLE/VJEmH-5jqCI/AAAAAAAAbic/de9xvXgiusE/s1600/IMG_20141128_155441.jpg
2014-12-16/image-0118.jpg http://2.bp.blogspot.com/-m7RQm_gX5Ss/VJEmH_wJkxI/AAAAAAAAbic/nrUprgGK2C8/s1600/IMG_20141128_155639%7E2.jpg
2014-12-16/image-0119.jpg http://1.bp.blogspot.com/-Vg8kegMNOpk/VJEmH-wmQoI/AAAAAAAAbic/o4aDrVyxUC0/s1600/IMG_20141128_160038.jpg
2014-12-27/image-0000.jpg https://4.bp.blogspot.com/-Maz24Zd8SGM/VJ5fhqtPJJI/AAAAAAAAb6o/uW0hCYr2dL4/s1600/IMG_20141226_221826~2.jpg
2014-12-27/image-0001.jpg https://3.bp.blogspot.com/-pURT_36P-fU/VJ5fonhe2II/AAAAAAAAb6w/PCcyhWoW8V8/s1600/IMG_20141226_221830.jpg
2014-12-27/image-0002.jpg https://2.bp.blogspot.com/-ECoLeXpX-Qc/VJ5fydiaMAI/AAAAAAAAb64/DP1TkfuvfM8/s1600/IMG_20141226_222133.jpg
2014-12-27/image-0003.jpg https://1.bp.blogspot.com/-tDtcezL1oWk/VJ5f6mc20eI/AAAAAAAAb7A/vEOlpEKWe8A/s1600/IMG_20141226_222140.jpg
2014-12-27/image-0004.jpg https://2.bp.blogspot.com/-pAUKQX3wUKI/VJ5gA3j-ApI/AAAAAAAAb7I/O3NPPvMJ5R4/s1600/IMG_20141226_222214.jpg
2014-12-27/image-0005.jpg https://3.bp.blogspot.com/-Xp81EY8Srn8/VJ5gRW1o9DI/AAAAAAAAb7U/HkSw5xkqJNM/s1600/IMG_20141226_222916.jpg
2014-12-27/image-0006.jpg https://4.bp.blogspot.com/-rqv0P8katSs/VJ5hLHpyRII/AAAAAAAAb7c/-MTsuZo0jH0/s1600/IMG_20141226_223416.jpg
2014-12-27/image-0007.jpg https://1.bp.blogspot.com/-FGkMDJtxO40/VJ5iSe2TC6I/AAAAAAAAb7o/WqxeOkv4b9Q/s1600/IMG_20141226_223825.jpg
2014-12-27/image-0008.jpg https://2.bp.blogspot.com/-cxlZ6WrSXBw/VJ5jskU7d5I/AAAAAAAAb8M/dPHMSB3GPE0/s1600/IMG_20141226_225312~2.jpg
2014-12-27/image-0009.jpg https://1.bp.blogspot.com/-m7PV8thezzE/VJ5qrdZUARI/AAAAAAAAb8k/5p50jfxKJK8/s1600/IMG_20141226_225300.jpg
2014-12-28/image-0000.png http://1.bp.blogspot.com/-knzYtiHEoWo/VJ-jccLmUII/AAAAAAAAb_M/DkZCNHx8cmc/s1600/status_screen0_115x19.png
2014-12-28/image-0001.png http://4.bp.blogspot.com/-hJGCJ2Jilxc/VJ-jpy1CEvI/AAAAAAAAb_U/D5KtdkZ4LyM/s1600/status_screen1_115x19.png
2014-12-28/image-0002.jpg http://3.bp.blogspot.com/-RtX8fFigwv8/VJ-sRI4e3BI/AAAAAAAAb_k/XKr6JwI3xRY/s1600/IMG_20141225_133048.jpg
2015-01-05/image-0000.jpg https://2.bp.blogspot.com/-QKfFE05dTuY/VKtpvn558zI/AAAAAAAAcb8/px8CNKCpguU/s1600/IMG_20141222_004014.jpg
2015-01-05/image-0001.jpg https://4.bp.blogspot.com/-onYy3aDTpXc/VKtp5XHJE_I/AAAAAAAAccE/vITI1MF-lg0/s1600/IMG_20150105_200436.jpg
2015-01-05/image-0002.jpg https://4.bp.blogspot.com/-B1RATSFoWTU/VKtp_svmGNI/AAAAAAAAccM/ETFgwOCwrHo/s1600/IMG_20150105_200632.jpg
2015-01-05/image-0003.jpg https://4.bp.blogspot.com/-2lYzOF-Otk0/VKtqPYHjh7I/AAAAAAAAccY/P_jHhOrqD2w/s1600/IMG_20150105_200655.jpg
2015-01-05/image-0004.jpg https://3.bp.blogspot.com/-2Hh7WA0JDH8/VKt0frLP8UI/AAAAAAAAccs/ghFGcZzukQk/s1600/IMG_20150105_200731.jpg
2015-01-05/image-0005.jpg https://2.bp.blogspot.com/-wvkH1k3vJFE/VKt0fpMNQFI/AAAAAAAAccs/boSkulbwpNU/s1600/IMG_20150105_201301.jpg
2015-01-06/image-0000.jpg https://2.bp.blogspot.com/-9Pzp-ViycuI/VKuGQZGMHaI/AAAAAAAAcds/yKQAIagNTL8/s1600/IMG_20150105_222622.jpg
2015-01-06/image-0001.jpg https://4.bp.blogspot.com/-sEaSFxIzkkk/VKuHlwCsfHI/AAAAAAAAce8/OhCo4F2ohGk/s1600/IMG_20150105_223045.jpg
2015-01-06/image-0002.jpg https://3.bp.blogspot.com/-Zg5rbNpi1ag/VKuHuca1e2I/AAAAAAAAcfE/g0z4RVbNn1A/s1600/IMG_20150104_141136.jpg
2015-01-06/image-0003.jpg https://3.bp.blogspot.com/-_9alx6tWCJ4/VKuH0o9bbRI/AAAAAAAAcfQ/G223pMjTcys/s1600/IMG_20150104_141314.jpg
2015-01-06/image-0004.jpg https://4.bp.blogspot.com/-8mBBA9wLs1w/VKuH76EvPYI/AAAAAAAAcfY/cM8WSNUPi9g/s1600/IMG_20150104_141344.jpg
2015-01-06/image-0005.jpg https://3.bp.blogspot.com/-4P8qGmVr_N8/VKuH769eRmI/AAAAAAAAcfY/oA0d1UitJus/s1600/IMG_20150104_141756.jpg
2015-01-06/image-0006.jpg https://4.bp.blogspot.com/-Cq2BxzJgASY/VKuH72GNrCI/AAAAAAAAcfY/t9zB6Lv_GQ4/s1600/IMG_20150104_141420.jpg
2015-01-06/image-0007.jpg https://2.bp.blogspot.com/-yUGcRcFa7Jc/VKuH7_sBlOI/AAAAAAAAcfY/oUdpxqlX3gU/s1600/IMG_20150104_141423.jpg
2015-01-06/image-0008.jpg https://2.bp.blogspot.com/-ABBwBmuLfSQ/VKwKVYFPwpI/AAAAAAAAcf8/mlrja_aU57A/s1600/IMG_20150106_081126.jpg
2015-01-10/image-0000.jpg https://1.bp.blogspot.com/-MR60H42yQNM/VLF0eZBbXgI/AAAAAAAAcl4/efOdqEhyQSs/s1600/IMG_20150110_102739.jpg
2015-01-10/image-0001.jpg https://1.bp.blogspot.com/-Iw4g9KZ0MvI/VLF0q3eyCZI/AAAAAAAAcmA/E0BI4qMuJ0U/s1600/IMG_20150110_102756.jpg
2015-01-10/image-0002.jpg https://1.bp.blogspot.com/-uBzUGKlSoJU/VLF05qkPQqI/AAAAAAAAcmI/QWEJsU8v4no/s1600/IMG_20150110_102901.jpg
2015-01-10/image-0003.jpg https://1.bp.blogspot.com/-iL69R-3wm1g/VLF1M4yPq-I/AAAAAAAAcmQ/MxqsKx5qseU/s1600/IMG_20150110_102946.jpg
2015-01-10/image-0004.jpg https://2.bp.blogspot.com/-6BmJ9A_vkhI/VLF1VeofL6I/AAAAAAAAcmY/hrJ1E5Z7A5U/s1600/IMG_20150110_103056.jpg
2015-01-10/image-0005.jpg https://4.bp.blogspot.com/-D9qHe9RH0D4/VLF1ulwXD_I/AAAAAAAAcmg/tqmcESZO6dQ/s1600/IMG_20150110_103140.jpg
2015-01-10/image-0006.jpg https://3.bp.blogspot.com/-OROnwjhklnI/VLF1uqP2FDI/AAAAAAAAcmg/NxVs_AcbVFg/s1600/IMG_20150110_103122.jpg
2015-01-10/image-0007.jpg https://2.bp.blogspot.com/--MGA52wKvZI/VLF6RJu_xdI/AAAAAAAAcmw/MhjilSpHAXE/s1600/IMG_20150110_103445.jpg
2015-01-10/image-0008.jpg https://1.bp.blogspot.com/-6k9rPynk5M8/VLF8PRdAX2I/AAAAAAAAcnE/W_kwK0JHSDw/s1600/IMG_20150110_103644.jpg
2015-01-10/image-0009.jpg https://4.bp.blogspot.com/-KqU2Q7rWHS0/VLGGOyjmgVI/AAAAAAAAcng/_3DfwVkTaZ0/s1600/IMG_20150110_120138.jpg
2015-01-19/image-0000.jpg http://1.bp.blogspot.com/-pWg7_m__0kg/VL0tVrAducI/AAAAAAAAdBY/oNqBEf9h2sw/s1600/IMG_20150119_080907.jpg
2015-01-19/image-0001.jpg http://1.bp.blogspot.com/-IA4vcgxvTJ4/VL0unfIAkAI/AAAAAAAAdBo/OoaCAYTShI4/s1600/IMG_20150118_134448.jpg
2015-01-19/image-0002.jpg http://1.bp.blogspot.com/-vjlQkFdiiLg/VL0vssUGQEI/AAAAAAAAdBw/C4ypuB2Xh9E/s1600/IMG_20150118_135250.jpg
2015-01-21/image-0000.jpg http://1.bp.blogspot.com/-DLgwzBe7eQw/VL9EOyUrKRI/AAAAAAAAdE0/4GdqxBO1PCo/s1600/IMG_20150120_114114.jpg
2015-01-21/image-0001.jpg http://4.bp.blogspot.com/-C_feDOnlQoM/VL9EO9DBxkI/AAAAAAAAdE0/7aYhQVm5YJs/s1600/IMG_20150120_114411.jpg
2015-01-21/image-0002.jpg http://1.bp.blogspot.com/-8oF1LtDBsxc/VL9EO6FecEI/AAAAAAAAdE0/MBln3_15atE/s1600/IMG_20150120_193954.jpg
2015-01-21/image-0003.jpg http://3.bp.blogspot.com/-Bmo_As90MBo/VL_roqbKGCI/AAAAAAAAdHA/apHdixd_qcY/s1600/IMG_20150121_071446.jpg
2015-01-21/image-0004.jpg http://4.bp.blogspot.com/-ygFLMbQ7adg/VL_romowUCI/AAAAAAAAdHA/t8z-XMWqvEM/s1600/IMG_20150121_073506.jpg
2015-02-11/image-0000.jpg http://1.bp.blogspot.com/-Z4cSDhCjcVA/VNxNq4aYzhI/AAAAAAAAdpo/CDGoupOXRXc/s1600/IMG_20141214_003055.jpg
2015-02-11/image-0001.jpg http://2.bp.blogspot.com/-VurfFubtQBs/VNxQyPOgcjI/AAAAAAAAdp8/o72bBX6wUOM/s1600/IMG_20150209_095908.jpg
2015-02-11/image-0002.jpg http://3.bp.blogspot.com/-9tXeKy-7ry4/VNxRDEtRZrI/AAAAAAAAdqM/q4ALby9afVU/s1600/IMG_20150209_095923.jpg
2015-02-11/image-0003.jpg http://2.bp.blogspot.com/-JdY1EfO6Wo8/VNxTD7LUmAI/AAAAAAAAdqo/8o0BMrJtX5g/s1600/IMG_20150211_155731.jpg
2015-02-11/image-0004.jpg http://2.bp.blogspot.com/-SPOPXiq0_-c/VNxT8r2f7YI/AAAAAAAAdrQ/cz-pO22Xi9g/s1600/IMG_20150211_155917.jpg
2015-02-11/image-0005.jpg http://1.bp.blogspot.com/-csWrnGL8saQ/VNxUB5D1WyI/AAAAAAAAdrY/8gEVhW8ldTE/s1600/IMG_20150211_160000.jpg
2015-02-16/image-0000.jpg https://2.bp.blogspot.com/-oI60t0McEQY/VOIaTqtwYrI/AAAAAAAAd1U/v4o3s2nkKBU/s1600/IMG_20150215_224318.jpg
2015-02-16/image-0001.jpg https://4.bp.blogspot.com/-59GcUgUuB6c/VOIaThiNRqI/AAAAAAAAd1U/f5vjDl-Uk1U/s1600/IMG_20150215_222408.jpg
2015-02-16/image-0002.jpg https://2.bp.blogspot.com/-A_qbyAlPuuo/VOIaThTgKSI/AAAAAAAAd1U/4V2udLJ_fZQ/s1600/IMG_20150215_222428.jpg
2015-02-16/image-0003.jpg https://4.bp.blogspot.com/-9RTwk90JaZk/VOIaTuy4aRI/AAAAAAAAd1U/OFWpUsup5DI/s1600/IMG_20150215_222538.jpg
2015-02-16/image-0004.jpg https://2.bp.blogspot.com/-s8KAxXkAMdM/VOIaTmp5F6I/AAAAAAAAd1U/VB-LzBwQOOU/s1600/IMG_20150215_222800.jpg
2015-02-16/image-0005.jpg https://2.bp.blogspot.com/-J5ke4ocfqqU/VOIaTmGFRWI/AAAAAAAAd1U/xYYr_P0TUWA/s1600/IMG_20150215_222824.jpg
2015-02-16/image-0006.jpg https://2.bp.blogspot.com/-Y3qXXsLGQ90/VOIaTppLmpI/AAAAAAAAd1U/oKClTPZX408/s1600/IMG_20150215_222945.jpg
2015-02-16/image-0007.jpg https://3.bp.blogspot.com/-SEa72w0OUHU/VOIn47B0kkI/AAAAAAAAd3M/WpMKYLQeE6w/s1600/IMG_20150216_085549.jpg
2015-02-16/image-0008.jpg https://4.bp.blogspot.com/-ed1goA95cNg/VOIoG8dzfhI/AAAAAAAAd3U/3QBzXSGo8uk/s1600/IMG_20150216_084314.jpg
2015-02-16/image-0009.jpg https://3.bp.blogspot.com/-bKOP8NX2KCE/VOIoVMCZNjI/AAAAAAAAd3c/1mvYrW1pObE/s1600/IMG_20150216_084740.jpg
2015-02-16/image-0010.jpg https://4.bp.blogspot.com/-jVmn3f3q9PI/VOIonU_JENI/AAAAAAAAd3k/DtC2kwfAbv4/s1600/IMG_20150216_084835.jpg
2015-02-16/image-0011.jpg https://3.bp.blogspot.com/-EvqCtUq1q6I/VOIaLnYNq4I/AAAAAAAAd1M/D_kxr4BF-_g/s1600/IMG_20150215_224346.jpg
2015-02-16/image-0012.jpg https://3.bp.blogspot.com/-LnRnPtWJTOo/VOIph6qEqBI/AAAAAAAAd30/nmiWNqS8REA/s1600/IMG_20150215_224421.jpg
2015-02-16/image-0013.jpg https://1.bp.blogspot.com/-C8Lj1rlTK_Q/VOIaTrldQ1I/AAAAAAAAd1U/KnYVuX3ygpg/s1600/IMG_20150215_223832.jpg
2015-02-16/image-0014.jpg https://1.bp.blogspot.com/-lINorFnV0C8/VOIaTtQqGxI/AAAAAAAAd1U/Nx2O5FmBRdg/s1600/IMG_20150215_223945.jpg
2015-02-16/image-0015.jpg https://2.bp.blogspot.com/-D4heo_115VM/VOIaThx-eQI/AAAAAAAAd1U/CV18-4wY_lE/s1600/IMG_20150215_223909.jpg
2015-03-13/image-0000.jpg http://4.bp.blogspot.com/-sqLYmajLfns/VQO6t2wz3QI/AAAAAAAAfM4/enUZSWU_EAk/s1600/IMG_20150313_163109.jpg
2015-03-13/image-0001.jpg http://4.bp.blogspot.com/-2-RAR5C4mEE/VQO61dkLElI/AAAAAAAAfNA/Q-hMKFWishs/s1600/IMG_20150313_163145.jpg
2015-03-13/image-0002.jpg http://4.bp.blogspot.com/-pCGT2ecjWFM/VQO7Z1wgVaI/AAAAAAAAfNg/jlp-6xBGfE8/s1600/IMG_20150313_163157.jpg
2015-03-13/image-0003.jpg http://2.bp.blogspot.com/-7iRWLWkbmUw/VQO7g3J6OWI/AAAAAAAAfNo/LfofJMTbkoI/s1600/IMG_20150313_163355.jpg
2015-03-13/image-0004.jpg http://2.bp.blogspot.com/-CrobGqbzsyY/VQPAGDmQQzI/AAAAAAAAfQo/-YRh2TzBGX8/s1600/IMG_20150313_163333.jpg
2015-03-13/image-0005.jpg http://4.bp.blogspot.com/-GFjs1F6aZw4/VQPAm3Kx88I/AAAAAAAAfQw/DvPseGzAvas/s1600/IMG_20150313_163520.jpg
2015-03-13/image-0006.jpg http://2.bp.blogspot.com/-w0E875k0CqU/VQPBAXr5lpI/AAAAAAAAfRA/3jhpDBDR1oA/s1600/IMG_20150313_163850.jpg
2015-03-13/image-0007.jpg http://4.bp.blogspot.com/-NQoYazTFnk0/VQPBTYviYFI/AAAAAAAAfRQ/HhA19bndfb4/s1600/IMG_20150313_171332.jpg
2015-03-13/image-0008.jpg http://4.bp.blogspot.com/-FP6DCTXtJek/VQPBxyd0SKI/AAAAAAAAfRY/S8ObNoDhnd0/s1600/IMG_20150313_171611.jpg
2015-03-13/image-0009.jpg http://3.bp.blogspot.com/-LJ1rLs4dauA/VQPB9vgsP4I/AAAAAAAAfRg/kHXAyXEMUao/s1600/IMG_20150313_171438.jpg
2015-03-13/image-0010.jpg http://4.bp.blogspot.com/-9PnFk91qIs8/VQPCO-8sB4I/AAAAAAAAfRw/rsFk11ax7tU/s1600/IMG_20150313_172455.jpg
2015-03-13/image-0011.jpg http://4.bp.blogspot.com/-Alp0BAN_jYE/VQPCLKaDcKI/AAAAAAAAfRo/N_mDfps6QeM/s1600/IMG_20150313_173056.jpg
2015-03-13/image-0012.jpg http://2.bp.blogspot.com/-LzX0NRmxfVU/VQPFpIOE5kI/AAAAAAAAfR8/PFxFFo3SoSQ/s1600/IMG_20150313_173309.jpg
2015-03-13/image-0013.jpg http://1.bp.blogspot.com/-W_fO2s1Jd18/VQPF2pz9LoI/AAAAAAAAfSE/OWYkiGJbANI/s1600/IMG_20150313_173742.jpg
2015-03-13/image-0014.jpg http://1.bp.blogspot.com/-GaWo6c8H4jg/VQPGL48AGBI/AAAAAAAAfSU/kGdtIzuCJKE/s1600/IMG_20150313_175728.jpg
2015-03-13/image-0015.jpg http://4.bp.blogspot.com/-KZxYx1341DM/VQPHK6bdfFI/AAAAAAAAfSo/ifyxYjKmPCc/s1600/IMG_20150313_173335.jpg
2015-03-13/image-0016.jpg http://4.bp.blogspot.com/-MvKryCiXjzY/VQPGk1ajBkI/AAAAAAAAfSg/mUmkC9EgKwg/s1600/IMG_20150313_180603.jpg
2015-03-13/image-0017.jpg http://1.bp.blogspot.com/-OoJ9dB9UVUA/VQPHlDbw4CI/AAAAAAAAfSw/6ihJX2AGwcs/s1600/IMG_20150313_180917.jpg
2015-03-13/image-0018.jpg http://4.bp.blogspot.com/-0xnn5fhd2DY/VQPH0Kdr1EI/AAAAAAAAfS4/Qqqx9B5zlLo/s1600/IMG_20150313_180936.jpg
2015-03-13/image-0019.jpg http://4.bp.blogspot.com/-r27Y9Tl8iiI/VQPIAW9tGzI/AAAAAAAAfTA/WDn2oGw2hi8/s1600/IMG_20150313_181423.jpg
2015-03-13/image-0020.jpg http://4.bp.blogspot.com/-WlquHkJFqL8/VQPIXD2-0jI/AAAAAAAAfTI/-uZs_ChQiqc/s1600/IMG_20150313_181748.jpg
2015-03-13/image-0021.jpg http://4.bp.blogspot.com/-8k_tU2MdOoo/VQPId1eLkEI/AAAAAAAAfTQ/YLDBVXNn4RE/s1600/IMG_20150313_182635.jpg
2015-03-13/image-0022.jpg http://4.bp.blogspot.com/-Vu1JZGaQXrM/VQPI6mi2rRI/AAAAAAAAfTY/IaM_4tuVZGg/s1600/IMG_20150313_182640.jpg
2015-03-13/image-0023.jpg http://4.bp.blogspot.com/-xMD9yS4Utzo/VQPJZHKUvBI/AAAAAAAAfTk/bsMkSQ11nYk/s1600/IMG_20150313_184951.jpg
2015-03-13/image-0024.jpg http://4.bp.blogspot.com/-0u2pwTvwuaw/VQPJ9c0GPXI/AAAAAAAAfT8/9lVXX5kpKKQ/s1600/IMG_20150313_185459.jpg
2015-03-13/image-0025.jpg http://2.bp.blogspot.com/-M2xqfJT-CMw/VQPKMtYuxiI/AAAAAAAAfUE/6k38d7tyISY/s1600/IMG_20150313_185114.jpg
2015-03-13/image-0026.jpg http://3.bp.blogspot.com/-EUzRDFCnrus/VQPKwFS6hMI/AAAAAAAAfUM/C3aLsIZTEew/s1600/IMG_20150313_184427.jpg
2015-03-13/image-0027.jpg http://1.bp.blogspot.com/-QHyhEeyYbq8/VQPLIz3ueGI/AAAAAAAAfUU/5X0qKru4MuM/s1600/IMG_20150313_184633.jpg
2015-03-13/image-0028.jpg http://1.bp.blogspot.com/-TUHrKn6p-5E/VQPL_-HiJRI/AAAAAAAAfUw/wDSaSXr3VT8/s1600/IMG_20150313_191831.jpg
2015-03-13/image-0029.jpg http://3.bp.blogspot.com/-9yzXLbU4tuQ/VQPM310w7cI/AAAAAAAAfVA/nBw8vbpZ2h0/s1600/IMG_20150313_192946.jpg
2015-03-13/image-0030.jpg http://3.bp.blogspot.com/-SEVGSq1kt5k/VQPNlcm3bNI/AAAAAAAAfVI/luT6iVsdLYM/s1600/IMG_20150313_195912.jpg
2015-03-13/image-0031.jpg https://www.qualitymill.com//ASSETS/IMAGES/ITEMS/ZOOM/Proto_J4912.jpg
2015-03-13/image-0100.jpg http://4.bp.blogspot.com/-FoPrfxl3VXw/VQJ-UygufJI/AAAAAAAAe1Q/UN27OEmJUt8/s1600/IMG_20150312_111841.jpg
2015-03-13/image-0101.jpg http://3.bp.blogspot.com/-1kFuN9pFSoY/VQKDkksIj9I/AAAAAAAAe3s/UwYwlZRgcUE/s1600/IMG_20150312_112214.jpg
2015-03-13/image-0102.jpg http://1.bp.blogspot.com/-qECFQcOWwCQ/VQKD5KPEFJI/AAAAAAAAe34/N_PEhVwEOuw/s1600/IMG_20150312_112846.jpg
2015-03-13/image-0103.jpg http://2.bp.blogspot.com/-jmwOpho9iiE/VQKEPSoXshI/AAAAAAAAe4I/Ig8RbFoUCMw/s1600/IMG_20150312_131803.jpg
2015-03-13/image-0104.jpg http://3.bp.blogspot.com/-bcqCRDovqmw/VQKEVpvDdSI/AAAAAAAAe4Q/wvVXHfONyNc/s1600/IMG_20150312_131748.jpg
2015-03-13/image-0105.jpg http://1.bp.blogspot.com/-x-cNpR_mD6U/VQKFBiyAWTI/AAAAAAAAe4Y/1mtZZF_doHg/s1600/IMG_20150312_131823.jpg
2015-03-13/image-0106.jpg http://2.bp.blogspot.com/-e3zsV2_8BFE/VQKFRqV5cYI/AAAAAAAAe4g/VLWWR4lciaM/s1600/IMG_20150312_132045.jpg
2015-03-13/image-0107.jpg http://1.bp.blogspot.com/-egVFAEn1Ko8/VQKFm-komWI/AAAAAAAAe4o/jM3XREhwFJI/s1600/IMG_20150312_132054.jpg
2015-03-13/image-0108.jpg http://2.bp.blogspot.com/-RxZs2rz9ths/VQKHj9n2ehI/AAAAAAAAe5M/z7ROVPGrcC8/s1600/IMG_20150312_132245.jpg
2015-03-13/image-0109.jpg http://3.bp.blogspot.com/-fgkcNvvSA0s/VQKG0hhXQ6I/AAAAAAAAe40/mOQQpU4-1uY/s1600/IMG_20150312_132100.jpg
2015-03-13/image-0110.jpg http://2.bp.blogspot.com/-GelicKQolBc/VQKHLFtU3FI/AAAAAAAAe48/_BzRrPGp4Uc/s1600/IMG_20150312_132110.jpg
2015-03-13/image-0111.jpg http://4.bp.blogspot.com/-EiOO5GsnBck/VQKHXJzSEcI/AAAAAAAAe5E/ybwGagF5MYE/s1600/IMG_20150312_132322.jpg
2015-03-13/image-0112.jpg http://4.bp.blogspot.com/-s1lRhHDiFow/VQKHvEVThII/AAAAAAAAe5U/H-HFf_MpCLU/s1600/IMG_20150312_132414.jpg
2015-03-13/image-0113.jpg http://3.bp.blogspot.com/-QWRFm4FSRbE/VQKH_A8wPbI/AAAAAAAAe5c/r-WVF9gB6fg/s1600/IMG_20150312_132420.jpg
2015-03-13/image-0114.jpg http://4.bp.blogspot.com/-ac5WJevZhOQ/VQKIHf0syWI/AAAAAAAAe5k/upBGbNacXFU/s1600/IMG_20150312_132601.jpg
2015-03-13/image-0115.jpg http://3.bp.blogspot.com/-JDwHmgwaacQ/VQKIQP9Z6qI/AAAAAAAAe5s/9-ZpVBnIr9w/s1600/IMG_20150312_132656.jpg
2015-03-13/image-0116.jpg http://1.bp.blogspot.com/-Ysqag5R8m-A/VQKIfCGZk5I/AAAAAAAAe50/Y3Dwm0EZw24/s1600/IMG_20150312_132953.jpg
2015-03-13/image-0117.jpg http://1.bp.blogspot.com/-DwL-m9ML2Mo/VQKIsIh1JlI/AAAAAAAAe58/LQR6wppKBdo/s1600/IMG_20150312_133232.jpg
2015-03-13/image-0118.jpg http://2.bp.blogspot.com/-Yfcxtuw0r-I/VQKIzxDWLeI/AAAAAAAAe6E/zuOsnpipw0Y/s1600/IMG_20150312_181906.jpg
2015-03-13/image-0119.jpg http://2.bp.blogspot.com/-CXl7UuRDOOQ/VQKM2zMPKCI/AAAAAAAAe9g/YM2vSt4oBPk/s1600/IMG_20150312_181936.jpg
2015-03-13/image-0120.jpg http://1.bp.blogspot.com/-4JlHyvrr-0k/VQKNEp7YIsI/AAAAAAAAe9o/xe0OAjPepok/s1600/IMG_20150312_182039.jpg
2015-03-13/image-0121.jpg http://4.bp.blogspot.com/-uazS05teHjs/VQKNgxqYU1I/AAAAAAAAe94/toR2qlw9Yg0/s1600/IMG_20150312_182747.jpg
2015-03-13/image-0122.jpg http://1.bp.blogspot.com/-Ij68MDXSal4/VQKNaQRXfaI/AAAAAAAAe9w/rVtKOJTDQ0Q/s1600/IMG_20150312_182210.jpg
2015-03-13/image-0123.jpg http://4.bp.blogspot.com/-Oeq_e3znHdQ/VQKOdS4DerI/AAAAAAAAe-U/h3Aaa2CYkQ4/s1600/IMG_20150312_183932.jpg
2015-03-13/image-0124.jpg http://1.bp.blogspot.com/-QkIbSKB5Iy0/VQKO3rwvJuI/AAAAAAAAe-c/Pzpv9kiQPWU/s1600/IMG_20150312_184557.jpg
2015-03-13/image-0125.jpg http://3.bp.blogspot.com/-fynNwiogsZM/VQKPEMclhLI/AAAAAAAAe-k/jxlLPVXoNpM/s1600/IMG_20150312_184935.jpg
2015-03-13/image-0126.jpg http://3.bp.blogspot.com/-jeFMdfGCzN8/VQKPh4pcRaI/AAAAAAAAe-w/fUlj3RT3ZGg/s1600/IMG_20150313_000016~2.jpg
2015-03-13/image-0127.jpg http://3.bp.blogspot.com/-zrlcuTJ3Tdo/VQKPuRAj1gI/AAAAAAAAe-4/HMTSshU210I/s1600/IMG_20150313_000034~3.jpg
2015-03-13/image-0128.jpg http://1.bp.blogspot.com/-KhEpj5Vcw7k/VQKUUBaZgxI/AAAAAAAAe_I/agrrfFq68Lg/s1600/IMG_20150313_000043~2.jpg
2015-03-13/image-0129.jpg http://2.bp.blogspot.com/-6X41RZPlqDI/VQKUgzagbiI/AAAAAAAAe_Q/VhVCpUd5Fhc/s1600/IMG_20150313_000311~2.jpg
2015-03-14/image-0000.jpg http://1.bp.blogspot.com/-NDTk6QySy_U/VQURlwfgb7I/AAAAAAAAfdc/nVLUd84GOrI/s1600/IMG_20150314_151451.jpg
2015-03-14/image-0001.jpg http://2.bp.blogspot.com/-cHyY3RczEMs/VQUSCAV0_CI/AAAAAAAAfdk/YWD0fG8wHLY/s1600/IMG_20150314_151743.jpg
2015-03-14/image-0002.jpg http://1.bp.blogspot.com/-L5wUpq5ENDU/VQUSOiwCbpI/AAAAAAAAfd0/n65aZVMVnIo/s1600/IMG_20150314_151959.jpg
2015-03-14/image-0003.jpg http://4.bp.blogspot.com/-9lPZs9ltawI/VQUSHlcxGTI/AAAAAAAAfds/onZ3hWR4NZI/s1600/IMG_20150314_151921.jpg
2015-03-14/image-0004.jpg http://2.bp.blogspot.com/-6CGqphtXB-E/VQUSTkpkH3I/AAAAAAAAfd8/O0WdDr8JVss/s1600/IMG_20150314_152009.jpg
2015-03-14/image-0005.jpg http://2.bp.blogspot.com/-iy6P3stX0N4/VQUScOkISqI/AAAAAAAAfeE/CgwQBdQHt3M/s1600/IMG_20150314_163527.jpg
2015-03-14/image-0006.jpg http://2.bp.blogspot.com/-IxjKlZclEBw/VQUSh7-jRGI/AAAAAAAAfeM/yESPEwFd8nU/s1600/IMG_20150314_163535.jpg
2015-03-14/image-0007.jpg http://1.bp.blogspot.com/-QEXA0rJzH8Y/VQUSwr68WjI/AAAAAAAAfeU/fCXlZDkVWYI/s1600/IMG_20150314_163553.jpg
2015-03-14/image-0008.jpg http://3.bp.blogspot.com/-dRL01M7nWtQ/VQUS60dHYEI/AAAAAAAAfek/xcDA6ipWdWs/s1600/IMG_20150314_164738.jpg
2015-03-14/image-0009.jpg http://3.bp.blogspot.com/-8e78VLeG5TE/VQUTI7TVYuI/AAAAAAAAfe0/Dty62XacMTA/s1600/IMG_20150314_175235.jpg
2015-03-14/image-0010.jpg http://4.bp.blogspot.com/-b3g8WMqSDoI/VQUTOnd0_kI/AAAAAAAAfe8/KvuccJCIcyU/s1600/IMG_20150314_180400.jpg
2015-03-14/image-0011.jpg http://1.bp.blogspot.com/-gdWGQkcLMkk/VQUTe_ELU3I/AAAAAAAAffE/cN-iM4v6ci8/s1600/IMG_20150314_185732.jpg
2015-03-14/image-0012.jpg http://3.bp.blogspot.com/-j591Z7ywzCM/VQUTlVshlVI/AAAAAAAAffM/sYOQg-bp8xg/s1600/IMG_20150314_190851.jpg
2015-03-14/image-0013.jpg http://1.bp.blogspot.com/-rCsqjzVEfFY/VQUT6d1ZfXI/AAAAAAAAffk/freLoOwnO8I/s1600/IMG_20150314_192644.jpg
2015-03-14/image-0014.jpg http://1.bp.blogspot.com/-dF4sE4ihnj4/VQUTzXoNrEI/AAAAAAAAffc/Twv00X7trxM/s1600/IMG_20150314_191807.jpg
2015-03-14/image-0015.jpg http://3.bp.blogspot.com/-N3hliTx0H5k/VQUUANvChmI/AAAAAAAAffs/GgqhGqijYQw/s1600/IMG_20150314_193208.jpg
2015-03-14/image-0016.jpg http://1.bp.blogspot.com/-3onp3Dfd7aA/VS6079jawPI/AAAAAAAAhF8/ifddfFjUpY4/s1600/IMG_20150314_215114.jpg
2015-03-16/image-0000.jpg http://2.bp.blogspot.com/-UUHy2SFFm_Y/VQZoQtDF5dI/AAAAAAAAfp8/lusqAkG0Htk/s1600/IMG_20150315_122021~2.jpg
2015-03-16/image-0001.jpg http://3.bp.blogspot.com/-kyfrwHWAV9A/VQZoVbbatPI/AAAAAAAAfqE/WRwbL-obbMI/s1600/IMG_20150315_122245.jpg
2015-03-16/image-0002.jpg http://2.bp.blogspot.com/-BJjNNlZm1YA/VQZob97C_NI/AAAAAAAAfqM/xfonOYdgx-s/s1600/IMG_20150315_122628~3.jpg
2015-03-16/image-0003.jpg http://3.bp.blogspot.com/-x61Uc5HIE8c/VQZsAYVU0wI/AAAAAAAAfqY/jCIOUqXUAio/s1600/IMG_20150315_154619.jpg
2015-03-16/image-0004.jpg http://2.bp.blogspot.com/-07xsJw7QZ0c/VQZsQpWlcaI/AAAAAAAAfqg/ni2-Bx6IDuo/s1600/IMG_20150315_154958.jpg
2015-03-16/image-0005.jpg http://1.bp.blogspot.com/-xnH8PfK3keE/VQZuq3L3H6I/AAAAAAAAfq0/j7uhPsxxxGY/s1600/IMG_20150315_154702.jpg
2015-03-16/image-0006.jpg http://1.bp.blogspot.com/-Oqz7PM_f0_o/VQZ5qpArMgI/AAAAAAAAft4/OaX9E_xr--A/s1600/IMG_20150315_232458~2.jpg
2015-03-16/image-0007.jpg http://3.bp.blogspot.com/-Y74T0me4tbY/VQZ53SL2q4I/AAAAAAAAfuA/Jn1-wMRekqc/s1600/IMG_20150315_232529~2.jpg
2015-03-16/image-0008.jpg http://1.bp.blogspot.com/-sIuwHyPxi5c/VQZ83m6RvDI/AAAAAAAAfuQ/tloXTnNDT5g/s1600/IMG_20150315_160902.jpg
2015-03-16/image-0009.jpg http://4.bp.blogspot.com/-p-s9XPNfzgE/VQaGza4pWzI/AAAAAAAAfwo/Jq3fCwIMlhw/s1600/IMG_20150315_160646.jpg
2015-03-16/image-0010.jpg http://4.bp.blogspot.com/-lYEIqbN8bDo/VQZ_ILGCFpI/AAAAAAAAfuw/D5eZhyKzCjI/s1600/IMG_20150315_165042.jpg
2015-03-16/image-0011.jpg http://2.bp.blogspot.com/-HxUoWbcd3GE/VQaCT5PPs_I/AAAAAAAAfvo/NB5Xi29BSos/s1600/IMG_20150315_170954.jpg
2015-03-16/image-0012.jpg http://4.bp.blogspot.com/-ICT3Q4HLETw/VQZ_t9AZ4HI/AAAAAAAAfu4/tUN7L0houOU/s1600/IMG_20150315_170636.jpg
2015-03-16/image-0013.jpg http://3.bp.blogspot.com/-SvrcZ4z1eHU/VQaAzNfUjEI/AAAAAAAAfvQ/cnuCyUmjqJs/s1600/IMG_20150315_170705.jpg
2015-03-16/image-0014.jpg http://3.bp.blogspot.com/-IlfLjl3BEFE/VQaEPjqDLnI/AAAAAAAAfv0/zB0Krs2ziPs/s1600/IMG_20150315_173236.jpg
2015-03-16/image-0015.jpg http://2.bp.blogspot.com/-Xt3x3naJvnE/VQaEwg_jDYI/AAAAAAAAfwE/rmu5YOeZ69I/s1600/IMG_20150315_174921.jpg
2015-03-16/image-0016.jpg http://3.bp.blogspot.com/-A-MO2DkJRmI/VQaITIuc-OI/AAAAAAAAfxw/a74QLuwDQ_A/s1600/IMG_20150316_003619~2.jpg
2015-03-16/image-0017.jpg http://1.bp.blogspot.com/-sDPYAfbS6a0/VQaHu3jEkaI/AAAAAAAAfxQ/d2ddv9biR8g/s1600/IMG_20150315_143738.jpg
2015-03-16/image-0018.jpg http://2.bp.blogspot.com/-tZVHjcfjhv0/VQaI679cSNI/AAAAAAAAfyY/0xYAIgpQey4/s1600/IMG_20150315_143307.jpg
2015-03-16/image-0019.jpg http://1.bp.blogspot.com/-u63pFJnoV60/VQaJIwAK0RI/AAAAAAAAfyg/pzfCEh5own8/s1600/IMG_20150315_143318.jpg
2015-03-29/image-0000.jpg http://4.bp.blogspot.com/-irVpqLzvrAs/VReSFG1LH8I/AAAAAAAAgNM/K3g3UWdELiw/s1600/IMG_20150317_072621~2.jpg
2015-03-29/image-0001.jpg http://4.bp.blogspot.com/-l0w-cvlN5xk/VReSRxNsA6I/AAAAAAAAgNU/RTRtVXv5S6M/s1600/IMG_20150317_072557~3.jpg
2015-03-29/image-0002.jpg http://2.bp.blogspot.com/-iKljKwIQIgA/VReSYL5v6aI/AAAAAAAAgNc/i8LGSGGotRg/s1600/IMG_20150317_073855~2.jpg
2015-03-29/image-0003.jpg http://4.bp.blogspot.com/-H43hu874Qu4/VRefAZHeAYI/AAAAAAAAgRQ/w8VfyZec9PI/s1600/IMG_20150318_194223.jpg
2015-03-29/image-0004.jpg http://3.bp.blogspot.com/-mFcU-r05ArQ/VRefYlRzyjI/AAAAAAAAgRo/n5bMWWTxSoQ/s1600/IMG_20150318_194207.jpg
2015-03-29/image-0005.jpg http://3.bp.blogspot.com/-4s9xERQ5ei4/VReffUZuWFI/AAAAAAAAgRw/-IYJqWp2Axc/s1600/IMG_20150318_194217.jpg
2015-03-29/image-0006.jpg http://2.bp.blogspot.com/-pEVYdwAKt_Q/VRef0XQlCXI/AAAAAAAAgSA/F4_kaUWW93c/s1600/IMG_20150318_194720.jpg
2015-03-29/image-0007.jpg http://3.bp.blogspot.com/-_HMyz3B_7zQ/VRegw5-Lw4I/AAAAAAAAgSo/PrHyLyJQyn8/s1600/IMG_20150324_183609.jpg
2015-03-29/image-0008.jpg http://2.bp.blogspot.com/-MngPbghCQPA/VReg2FcTviI/AAAAAAAAgSw/U8UnYSkDg-k/s1600/IMG_20150324_183742.jpg
2015-03-29/image-0009.jpg http://3.bp.blogspot.com/-enWLmEn1nWY/VReg_ExHwwI/AAAAAAAAgS8/FSEesKfiBL4/s1600/IMG_20150324_191357.jpg
2015-03-29/image-0010.jpg http://2.bp.blogspot.com/-lfGYPLjv3d4/VRehEqEK2eI/AAAAAAAAgTE/3iGslLybnvE/s1600/IMG_20150324_191404.jpg
2015-03-29/image-0011.jpg http://4.bp.blogspot.com/-Nn_KUEOiyqk/VRehJePhU-I/AAAAAAAAgTM/7ZuMseJTbpc/s1600/IMG_20150324_191420.jpg
2015-03-29/image-0012.jpg http://4.bp.blogspot.com/-Tcrp-e7WWyg/VRehQqXWQEI/AAAAAAAAgTU/IXZ75oZytow/s1600/IMG_20150324_193903.jpg
2015-03-29/image-0013.jpg http://3.bp.blogspot.com/-Kn1JDewCZAs/VRegDT-SbGI/AAAAAAAAgSI/kZvJ4GKyd90/s1600/IMG_20150320_103323~2.jpg
2015-03-29/image-0014.jpg http://3.bp.blogspot.com/-5JGZPctHtNg/VRegMNBpn7I/AAAAAAAAgSQ/qoyWRiUm0Yc/s1600/IMG_20150320_103357~3.jpg
2015-03-29/image-0015.jpg http://1.bp.blogspot.com/-ZoKXR3rKkF8/VRegSn7_KfI/AAAAAAAAgSY/LC_ZigeuxZw/s1600/IMG_20150324_182113.jpg
2015-03-29/image-0016.jpg http://4.bp.blogspot.com/-Jn1O_2fm2Bs/VRegW2-468I/AAAAAAAAgSg/Ezwh7AFpbjM/s1600/IMG_20150324_182134.jpg
2015-03-29/image-0017.jpg http://4.bp.blogspot.com/-_iqXxqAeWhE/VRehY7iYIvI/AAAAAAAAgTc/WjVz5dGJUj8/s1600/IMG_20150324_191627.jpg
2015-03-29/image-0018.jpg http://3.bp.blogspot.com/-9Bk4QWFXio0/VRehiymh_BI/AAAAAAAAgTs/1ptMUrvev1Y/s1600/IMG_20150324_191759.jpg
2015-03-29/image-0019.jpg http://4.bp.blogspot.com/-DXVbq-nWKlk/VRei8pt7MQI/AAAAAAAAgUw/GxGOfVvgyrI/s1600/IMG_20150328_211906.jpg
2015-03-29/image-0020.jpg http://3.bp.blogspot.com/-WvXD3V_X6xM/VRejLiFQnCI/AAAAAAAAgU4/jt5gpGdWAm4/s1600/IMG_20150328_214727.jpg
2015-03-29/image-0021.jpg http://4.bp.blogspot.com/-ub3d_jwO3Yw/VRejfNLksrI/AAAAAAAAgVI/Pt7tVxLktmM/s1600/IMG_20150328_214755~2.jpg
2015-03-29/image-0022.jpg http://4.bp.blogspot.com/-KVkrVduyNpU/VRejVvluz9I/AAAAAAAAgVA/tSiNTluhU94/s1600/IMG_20150328_214744~2.jpg
2015-03-29/image-0023.jpg http://2.bp.blogspot.com/-OevZq4OOGjo/VRejmnvYHnI/AAAAAAAAgVc/6KGHOkXTJQc/s1600/IMG_20150328_214859~2.jpg
2015-03-29/image-0024.jpg http://1.bp.blogspot.com/-urbbeQjpsGQ/VRejqrlSklI/AAAAAAAAgVk/BH0cw_tZh_Y/s1600/IMG_20150328_214912~2.jpg
2015-03-29/image-0025.jpg http://1.bp.blogspot.com/-r_PoPqpEZS4/VRejvKHAcRI/AAAAAAAAgVs/sEqrBFemBs0/s1600/IMG_20150328_214916~2.jpg
2015-03-29/image-0026.jpg http://4.bp.blogspot.com/-oo4NTbS5fmY/VRej06oHMOI/AAAAAAAAgV4/Axdz0m1wQss/s1600/IMG_20150328_214821.jpg
2015-03-29/image-0027.jpg http://1.bp.blogspot.com/-BAmR2jcnLew/VRekCsvXcZI/AAAAAAAAgWA/MA-Oz2eADP4/s1600/IMG_20150328_211846.jpg
2015-03-29/image-0100.jpg http://2.bp.blogspot.com/-EznXascSezg/VRjlCOvsbWI/AAAAAAAAgXM/WvVrN9Vr2Ks/s1600/IMG_20150325_083818.jpg
2015-03-29/image-0101.jpg http://4.bp.blogspot.com/-3lzr_3w_dRg/VRjo-9ExdFI/AAAAAAAAgZc/klzcZ_YlNFI/s1600/IMG_20150327_090807.jpg
2015-03-29/image-0102.jpg http://2.bp.blogspot.com/-fDzAVaCVzLw/VRjnUfb8C6I/AAAAAAAAgYU/T0XhYlGGu9o/s1600/IMG_20150327_090535.jpg
2015-03-29/image-0103.jpg http://2.bp.blogspot.com/-8fLw-tElGKM/VRjna55FbzI/AAAAAAAAgYc/QBvOUy_6a7Q/s1600/IMG_20150327_090725.jpg
2015-03-29/image-0104.jpg http://3.bp.blogspot.com/-OQEMahg9zy0/VRjnhRgyOaI/AAAAAAAAgYk/d2VTUSQojwU/s1600/IMG_20150327_090835.jpg
2015-03-29/image-0105.jpg http://2.bp.blogspot.com/-U2noSnjLe6k/VRjnmjRVJvI/AAAAAAAAgYs/xv2OdbL6sWg/s1600/IMG_20150327_090950~2.jpg
2015-03-29/image-0106.jpg http://2.bp.blogspot.com/-5AS2IfZNfpQ/VRjoxGYPM6I/AAAAAAAAgZM/vCnf4SLUMMc/s1600/IMG_20150329_223717.jpg
2015-03-29/image-0107.jpg http://4.bp.blogspot.com/-7tmb0y6YQHs/VRjo0eg6TgI/AAAAAAAAgZU/wldCC3LjFEY/s1600/IMG_20150329_224106.jpg
2015-04-09/image-0000.jpg http://2.bp.blogspot.com/-XOWF15CkevU/VSNq-rP-h8I/AAAAAAAAgjs/b8wMmPUPnVw/s1600/image.jpg
2015-04-09/image-0001.jpg http://1.bp.blogspot.com/-vyPHQ-Xfniw/VSN0NeiNFcI/AAAAAAAAgkU/TJ0lz8YmXF4/s1600/IMG_20150404_000040.jpg
2015-04-09/image-0002.jpg http://4.bp.blogspot.com/-e1_HeOoUrPk/VSN0xScW0AI/AAAAAAAAgkk/9IsasGKolWA/s1600/IMG_20150401_180256.jpg
2015-04-09/image-0003.jpg http://4.bp.blogspot.com/-miLsu7hsbzA/VSN1b-YavwI/AAAAAAAAgk0/USbpnSXRtXY/s1600/IMG_20150403_235658.jpg
2015-04-09/image-0004.jpg http://2.bp.blogspot.com/-jxNd1C6lil8/VSN3UZzNXcI/AAAAAAAAgmQ/AQy7k5QHIoU/s1600/IMG_20150404_000203.jpg
2015-04-09/image-0005.jpg http://1.bp.blogspot.com/-Zf3HKnJr_bw/VSN3slT6_LI/AAAAAAAAgmg/g-dDwX3ZZno/s1600/IMG_20150404_000211.jpg
2015-04-09/image-0006.jpg http://1.bp.blogspot.com/-YdNXkfKDAKA/VSN35Yehp7I/AAAAAAAAgmo/j3oq3l00WMk/s1600/IMG_20150404_000240.jpg
2015-04-09/image-0007.jpg http://4.bp.blogspot.com/-tXcWZWJ3GXY/VSN4LfiKv1I/AAAAAAAAgmw/pKRBn8kC5II/s1600/IMG_20150404_002439.jpg
2015-04-09/image-0008.jpg http://4.bp.blogspot.com/-x49osdcWQ8M/VSN4eIt_5rI/AAAAAAAAgm4/a-bPHXNGXLc/s1600/IMG_20150323_000201.jpg
2015-04-09/image-0009.jpg http://2.bp.blogspot.com/-jDrA1JEjkfk/VSN4xu95o6I/AAAAAAAAgnA/DEfsC0z-DL4/s1600/IMG_20150323_000207.jpg
2015-04-09/image-0010.jpg http://4.bp.blogspot.com/-ZkcWvGJkV6M/VSN45sadFeI/AAAAAAAAgnI/4zBttd_Yuko/s1600/IMG_20150406_195613.jpg
2015-04-09/image-0011.jpg http://2.bp.blogspot.com/-fbAaxmoRYbg/VSYmwO1rVVI/AAAAAAAAg54/5Qayb9u3fv0/s1600/IMG_20150409_000223.jpg
2015-04-09/image-0012.jpg http://4.bp.blogspot.com/-EF7GZF7KYkY/VSYm2NgzvOI/AAAAAAAAg6A/40-R5B0zENw/s1600/IMG_20150409_000258.jpg
2015-04-09/image-0013.png http://4.bp.blogspot.com/-MQJVyo5J8d0/VSYUzGHFTDI/AAAAAAAAg30/vKuVYIvIlpA/s1600/01-First-Part-OnShape.png
2015-04-09/image-0014.png http://1.bp.blogspot.com/--H34rw6KDto/VSYVV-aspYI/AAAAAAAAg38/3-JbGmDX83A/s1600/02-First-Part-Export.png
2015-04-09/image-0015.png http://3.bp.blogspot.com/-LIshBa2lOBI/VSYWZH6poaI/AAAAAAAAg4I/yi0BwvdLlMA/s1600/03-First-Part-CamBam.png
2015-04-09/image-0016.png http://4.bp.blogspot.com/-bJZegD8NhSE/VSYXwdl9kMI/AAAAAAAAg4U/wgTOGizk8B0/s1600/04-First-Part-OpenSCAM.png
2015-04-09/image-0017.jpg http://3.bp.blogspot.com/-0u4xZBtasF0/VSYrhySIWEI/AAAAAAAAg7o/yC_fY5H51sU/s1600/IMG_20150408_182450.jpg
2015-04-09/image-0018.jpg http://2.bp.blogspot.com/-feB_n85TcOY/VSYrse_uo7I/AAAAAAAAg7w/y1FVfynuB-A/s1600/IMG_20150408_182511.jpg
2015-04-09/image-0019.jpg http://1.bp.blogspot.com/-m22wx9OlPM8/VSYsAg1xhSI/AAAAAAAAg74/EdTCyq8EeH0/s1600/IMG_20150408_182520.jpg
2015-04-09/image-0020.jpg http://1.bp.blogspot.com/-B-m3BlNRxRw/VSYsMox3NyI/AAAAAAAAg8A/iafLpBmancU/s1600/IMG_20150408_182633.jpg
2015-04-09/image-0021.jpg http://2.bp.blogspot.com/-XL0LNjrLOZ4/VSYsmRtiYnI/AAAAAAAAg8Q/k85S4mHG1NI/s1600/IMG_20150408_183339.jpg
2015-04-09/image-0022.jpg http://1.bp.blogspot.com/--Y3UF4xmagQ/VSYsvKCQv9I/AAAAAAAAg8Y/EK_6Lg1w0Bw/s1600/IMG_20150408_183406.jpg
2015-04-09/image-0023.jpg http://2.bp.blogspot.com/-bTd3YeXWRrw/VSYs71rCkvI/AAAAAAAAg8g/9pi10kNCErc/s1600/IMG_20150408_183448.jpg
2015-04-09/image-0024.png http://4.bp.blogspot.com/-UN9VVQzO784/VSYonPTKmVI/AAAAAAAAg6Q/IxEZkU0w5wg/s1600/05-First-Part-STL-Import.png
2015-04-09/image-0025.png http://1.bp.blogspot.com/-7sgcKlnMKIU/VSYonAL2PlI/AAAAAAAAg6U/Tf-n4P5bt50/s1600/06-Firt-Part-WireFrame.png
2015-04-09/image-0026.jpg http://4.bp.blogspot.com/-D6T1oIKSyRQ/VSYqRId5QyI/AAAAAAAAg6o/lNrYXTjEuv0/s1600/IMG_20150407_184550.jpg
2015-04-11/image-0000.jpg http://3.bp.blogspot.com/-kOFyAJvGLbk/VSm1cTsydZI/AAAAAAAAg_k/cHC2RFHxui0/s1600/IMG_20150411_160322%7E2.jpg
2015-04-11/image-0001.jpg http://4.bp.blogspot.com/-RAfZMcA-Zdo/VSm1xf2SAjI/AAAAAAAAg_s/cpHyRqZfqwg/s1600/IMG_20150411_160333%7E2.jpg
2015-04-11/image-0002.jpg http://3.bp.blogspot.com/-K93bAXTmF0E/VSm14wNEecI/AAAAAAAAg_0/GrndSeJP8JI/s1600/IMG_20150411_160346%7E2.jpg
2015-04-11/image-0003.jpg http://1.bp.blogspot.com/-x1o51ggDMp8/VSm2Bt0AZxI/AAAAAAAAg_8/1lwwJ5u2nT0/s1600/IMG_20150411_160308%7E2.jpg
2015-04-26/image-0000.jpg http://4.bp.blogspot.com/-hu2aWsSSwT4/VT0vbVQEvhI/AAAAAAAAhVw/NyDeV7mcza4/s1600/IMG_20150424_183821.jpg
2015-04-26/image-0001.jpg http://3.bp.blogspot.com/-i228OIBLHzk/VT0vgVq95SI/AAAAAAAAhV4/qnANDD0tU0c/s1600/IMG_20150424_183838.jpg
2015-04-26/image-0002.jpg http://4.bp.blogspot.com/-4Q5th91Fqgc/VT0uXXfb4NI/AAAAAAAAhU4/z_m5U16z3Ro/s1600/IMG_20150414_195713.jpg
2015-04-26/image-0003.jpg http://4.bp.blogspot.com/-XsAbJfMGJo4/VT0uzsQarII/AAAAAAAAhVI/soIItr89Q1g/s1600/IMG_20150414_195723.jpg
2015-04-26/image-0004.jpg http://3.bp.blogspot.com/-WCo89K0wnEo/VT01G-D_ieI/AAAAAAAAhWo/IJ2AlZilmKs/s1600/IMG_20150423_182552.jpg
2015-04-26/image-0005.jpg http://2.bp.blogspot.com/-aUCMozQf1PY/VT01N-fTRfI/AAAAAAAAhWw/geL9UvHb84w/s1600/IMG_20150423_182732.jpg
2015-04-26/image-0006.jpg http://2.bp.blogspot.com/-X9RKKaUiekg/VT05u-yOyBI/AAAAAAAAhXE/zG3-XUr7_cU/s1600/IMG_20150423_184805.jpg
2015-04-26/image-0007.jpg http://1.bp.blogspot.com/-4obdcJwSTLk/VT06CsLxYiI/AAAAAAAAhXM/vjLCqi8TT2o/s1600/IMG_20150423_184853.jpg
2016-02-16/image-0000.jpg https://4.bp.blogspot.com/-stXxmcaNKT4/VsPuwiQlD7I/AAAAAAAAkxk/hMnPrj6QYIM/s640/IMG_20160205_141544.jpg
2016-02-16/image-0001.jpg https://4.bp.blogspot.com/-r2_Yior4-So/VsPu2FjI9zI/AAAAAAAAkxo/EYKWcmLp6LI/s640/IMG_20160205_142433.jpg
2016-02-16/image-0002.jpg https://4.bp.blogspot.com/-6K23XasRYo0/VsQKKQjF5ZI/AAAAAAAAky8/Ijg74U59p6k/s640/IMG_20160205_194057.jpg
2016-02-16/image-0003.jpg https://1.bp.blogspot.com/-tHbC3amy6h0/VsQKSvVjKpI/AAAAAAAAkzE/wCvJOFeBdhg/s640/IMG_20160205_194108.jpg
2016-02-16/image-0004.jpg https://3.bp.blogspot.com/-TWPdR6p2MR4/VsQK5CFyvGI/AAAAAAAAkzM/3IMF65_R-uA/s640/IMG_20160216_193716.jpg
2016-02-16/image-0005.jpg https://3.bp.blogspot.com/-ve6pNOUpAdM/VsQK9orO16I/AAAAAAAAkzU/vZI5wivVHic/s640/IMG_20160216_193821.jpg
2016-02-16/image-0006.jpg https://1.bp.blogspot.com/-jtyt-y9CAyk/VsQLBramy-I/AAAAAAAAkzc/1I_P4-UllAo/s640/IMG_20160216_193844.jpg
2016-02-16/image-0007.jpg https://1.bp.blogspot.com/-oSqvtyOGaBc/VsQLFOvUq0I/AAAAAAAAkzk/OIdOXx8_GmA/s640/IMG_20160216_193900.jpg
2016-02-16/image-0008.jpg https://1.bp.blogspot.com/-pGQSfSKAtak/VsQLV6wEm5I/AAAAAAAAkzs/r3QxVn5uxVw/s640/IMG_20160216_194951.jpg
2016-02-16/image-0009.jpg https://3.bp.blogspot.com/-0Odv4zt9x4c/VsQLcOrvvlI/AAAAAAAAkz0/ALvVYSjMpos/s640/IMG_20160216_195003.jpg
2016-02-16/image-0010.jpg https://4.bp.blogspot.com/-nueR8f4JMTs/VsQLh7kBemI/AAAAAAAAkz8/qMKYFBGSDxQ/s640/IMG_20160216_200210.jpg
2016-02-16/image-0011.jpg https://1.bp.blogspot.com/-6d1Bz67dyOw/VsQLpNFC6uI/AAAAAAAAk0M/gHSfZT5--pA/s640/IMG_20160216_200544.jpg
2016-02-21/image-0000.jpg https://2.bp.blogspot.com/-Oz7Evt_WpSo/Vspc6NeiOiI/AAAAAAAAk98/dgpmxZg0Tr8/s640/IMG_20160221_163502.jpg
2016-02-21/image-0001.jpg https://3.bp.blogspot.com/-UOfX_7JGgEg/VspdAbdaTxI/AAAAAAAAk-E/RQ_IPxpHsCI/s640/IMG_20160221_163514.jpg
2016-07-14/image-0000.jpg https://4.bp.blogspot.com/-LJmeQSxX0Jc/V4hM50pr_qI/AAAAAAAAnbw/FWCA0hQOGN03AzBrx1bSZlVMtU8l6laNACKgB/s640/IMG_20160714_162633.jpg
2016-07-14/image-0001.jpg https://3.bp.blogspot.com/-KfNIxY5b1c4/V4hNaTXK-CI/AAAAAAAAnb4/EK_Jjqf2yL0wZGRywCxMau1ApSXNF5LcgCKgB/s640/IMG_20160714_161317.jpg
2016-07-14/image-0002.jpg https://2.bp.blogspot.com/-5nf1efLmEYI/V4hN4Xc0uAI/AAAAAAAAncA/w-HCbG-HRfgRuVk3OO2i8epT0Gd4C4d1QCKgB/s640/IMG_20160714_161329.jpg
2016-07-14/image-0003.jpg https://2.bp.blogspot.com/-knDQJ8lY79g/V4hOWj9u9TI/AAAAAAAAncI/f_pXAN3LAPkE3WgeclJ2owOFJp1YpOdawCKgB/s640/IMG_20160714_162703.jpg
2016-07-14/image-0004.jpg https://2.bp.blogspot.com/-G-JwdxdgS9c/V4hlhw8DmOI/AAAAAAAAncw/fwO-YFaX2eoWsh2Vbn-SG37l65axELbKgCKgB/s640/IMG_20160714_212041.jpg
2016-07-14/image-0005.jpg https://2.bp.blogspot.com/-AFIPwawNO-I/V4hns6Zon6I/AAAAAAAAndI/Qn305c0hlG4AIs7xkHyp1QPqkPFcthZQACKgB/s640/IMG_20160714_212049.jpg
